<?xml version="1.0" encoding="UTF-8"?>
<!-- Generated by org.testng.reporters.JUnitReportReporter -->
<testsuite skipped="0" hostname="AABLR0394" name="com.postman.qa.testcases.PersonalWorkspaceTests" tests="11" failures="0" timestamp="03 May 2020 15:57:31 GMT" time="204.583" errors="0">
  <testcase name="loginToApplication" time="9.884" classname="com.postman.qa.testcases.PersonalWorkspaceTests"/>
  <testcase name="createWorkspaceFromDashboard" time="8.100" classname="com.postman.qa.testcases.PersonalWorkspaceTests"/>
  <testcase name="updateWorkspaceCreated" time="15.817" classname="com.postman.qa.testcases.PersonalWorkspaceTests"/>
  <testcase name="deleteWorkspaceCreated" time="42.663" classname="com.postman.qa.testcases.PersonalWorkspaceTests"/>
  <testcase name="createWorkspaceFromDropDown" time="6.846" classname="com.postman.qa.testcases.PersonalWorkspaceTests"/>
  <testcase name="searchWorkspaceFromDropDown" time="1.684" classname="com.postman.qa.testcases.PersonalWorkspaceTests"/>
  <testcase name="createDuplicateWorkspace" time="10.424" classname="com.postman.qa.testcases.PersonalWorkspaceTests"/>
  <testcase name="deleteDefaultWorkspaceCreated" time="12.591" classname="com.postman.qa.testcases.PersonalWorkspaceTests"/>
  <testcase name="cancelWSCreation" time="37.022" classname="com.postman.qa.testcases.PersonalWorkspaceTests"/>
  <testcase name="cancelWSUpdation" time="10.993" classname="com.postman.qa.testcases.PersonalWorkspaceTests"/>
  <testcase name="cancelWSDeletion" time="48.559" classname="com.postman.qa.testcases.PersonalWorkspaceTests"/>
</testsuite> <!-- com.postman.qa.testcases.PersonalWorkspaceTests -->
