<?xml version="1.0" encoding="UTF-8"?>
<!-- Generated by org.testng.reporters.JUnitReportReporter -->
<testsuite skipped="0" hostname="AABLR0394" name="com.postman.qa.testcases.WorkspaceTests" tests="11" failures="0" timestamp="03 May 2020 15:48:00 GMT" time="200.936" errors="0">
  <testcase name="loginToApplication" time="9.949" classname="com.postman.qa.testcases.WorkspaceTests"/>
  <testcase name="createWorkspaceFromDashboard" time="8.162" classname="com.postman.qa.testcases.WorkspaceTests"/>
  <testcase name="updateWorkspaceCreated" time="16.097" classname="com.postman.qa.testcases.WorkspaceTests"/>
  <testcase name="deleteWorkspaceCreated" time="42.903" classname="com.postman.qa.testcases.WorkspaceTests"/>
  <testcase name="createWorkspaceFromDropDown" time="6.229" classname="com.postman.qa.testcases.WorkspaceTests"/>
  <testcase name="searchWorkspaceFromDropDown" time="1.590" classname="com.postman.qa.testcases.WorkspaceTests"/>
  <testcase name="createDuplicateWorkspace" time="9.959" classname="com.postman.qa.testcases.WorkspaceTests"/>
  <testcase name="deleteDefaultWorkspaceCreated" time="9.973" classname="com.postman.qa.testcases.WorkspaceTests"/>
  <testcase name="cancelWSCreation" time="36.851" classname="com.postman.qa.testcases.WorkspaceTests"/>
  <testcase name="cancelWSUpdation" time="10.751" classname="com.postman.qa.testcases.WorkspaceTests"/>
  <testcase name="cancelWSDeletion" time="48.472" classname="com.postman.qa.testcases.WorkspaceTests"/>
</testsuite> <!-- com.postman.qa.testcases.WorkspaceTests -->
